0 info it worked if it ends with ok
1 verbose cli [ '/usr/local/Cellar/node/5.6.0/bin/node',
1 verbose cli   '/usr/local/bin/npm',
1 verbose cli   'install',
1 verbose cli   'libpq' ]
2 info using npm@3.6.0
3 info using node@v5.6.0
4 silly loadCurrentTree Starting
5 silly install loadCurrentTree
6 silly install readLocalPackageData
7 silly fetchPackageMetaData libpq
8 silly fetchNamedPackageData libpq
9 silly mapToRegistry name libpq
10 silly mapToRegistry using default registry
11 silly mapToRegistry registry https://registry.npmjs.org/
12 silly mapToRegistry uri https://registry.npmjs.org/libpq
13 verbose request uri https://registry.npmjs.org/libpq
14 verbose request no auth needed
15 info attempt registry request try #1 at 13:21:45
16 verbose request id e5388e0328691c21
17 verbose etag "56d7c88a-cd0b"
18 verbose lastModified Thu, 03 Mar 2016 05:15:54 GMT
19 http request GET https://registry.npmjs.org/libpq
20 http 304 https://registry.npmjs.org/libpq
21 verbose headers { date: 'Wed, 09 Mar 2016 18:21:52 GMT',
21 verbose headers   via: '1.1 varnish',
21 verbose headers   'cache-control': 'max-age=300',
21 verbose headers   etag: '"56d7c88a-cd0b"',
21 verbose headers   expires: 'Thu, 10 Mar 2016 00:17:01 GMT',
21 verbose headers   age: '291',
21 verbose headers   connection: 'keep-alive',
21 verbose headers   'x-served-by': 'cache-jfk1048-JFK',
21 verbose headers   'x-cache': 'HIT',
21 verbose headers   'x-cache-hits': '1',
21 verbose headers   'x-timer': 'S1457547712.284494,VS0,VE0' }
22 silly get cb [ 304,
22 silly get   { date: 'Wed, 09 Mar 2016 18:21:52 GMT',
22 silly get     via: '1.1 varnish',
22 silly get     'cache-control': 'max-age=300',
22 silly get     etag: '"56d7c88a-cd0b"',
22 silly get     expires: 'Thu, 10 Mar 2016 00:17:01 GMT',
22 silly get     age: '291',
22 silly get     connection: 'keep-alive',
22 silly get     'x-served-by': 'cache-jfk1048-JFK',
22 silly get     'x-cache': 'HIT',
22 silly get     'x-cache-hits': '1',
22 silly get     'x-timer': 'S1457547712.284494,VS0,VE0' } ]
23 verbose etag https://registry.npmjs.org/libpq from cache
24 verbose get saving libpq to /Users/remiguillaume/.npm/registry.npmjs.org/libpq/.cache.json
25 verbose correctMkdir /Users/remiguillaume/.npm correctMkdir not in flight; initializing
26 silly install normalizeTree
27 silly loadCurrentTree Finishing
28 silly loadIdealTree Starting
29 silly install loadIdealTree
30 silly cloneCurrentTree Starting
31 silly install cloneCurrentTreeToIdealTree
32 silly cloneCurrentTree Finishing
33 silly loadShrinkwrap Starting
34 silly install loadShrinkwrap
35 silly loadShrinkwrap Finishing
36 silly loadAllDepsIntoIdealTree Starting
37 silly install loadAllDepsIntoIdealTree
38 silly resolveWithNewModule libpq@1.8.1 checking installable status
39 silly cache add args [ 'libpq', null ]
40 verbose cache add spec libpq
41 silly cache add parsed spec Result {
41 silly cache add   raw: 'libpq',
41 silly cache add   scope: null,
41 silly cache add   name: 'libpq',
41 silly cache add   rawSpec: '',
41 silly cache add   spec: 'latest',
41 silly cache add   type: 'tag' }
42 silly addNamed libpq@latest
43 verbose addNamed "latest" is being treated as a dist-tag for libpq
44 info addNameTag [ 'libpq', 'latest' ]
45 silly mapToRegistry name libpq
46 silly mapToRegistry using default registry
47 silly mapToRegistry registry https://registry.npmjs.org/
48 silly mapToRegistry uri https://registry.npmjs.org/libpq
49 verbose addNameTag registry:https://registry.npmjs.org/libpq not in flight; fetching
50 verbose get https://registry.npmjs.org/libpq not expired, no request
51 silly addNameTag next cb for libpq with tag latest
52 silly addNamed libpq@1.8.1
53 verbose addNamed "1.8.1" is a plain semver version for libpq
54 silly cache afterAdd libpq@1.8.1
55 verbose afterAdd /Users/remiguillaume/.npm/libpq/1.8.1/package/package.json not in flight; writing
56 verbose correctMkdir /Users/remiguillaume/.npm correctMkdir not in flight; initializing
57 verbose afterAdd /Users/remiguillaume/.npm/libpq/1.8.1/package/package.json written
58 silly fetchNamedPackageData nan
59 silly mapToRegistry name nan
60 silly mapToRegistry using default registry
61 silly mapToRegistry registry https://registry.npmjs.org/
62 silly mapToRegistry uri https://registry.npmjs.org/nan
63 silly fetchNamedPackageData bindings
64 silly mapToRegistry name bindings
65 silly mapToRegistry using default registry
66 silly mapToRegistry registry https://registry.npmjs.org/
67 silly mapToRegistry uri https://registry.npmjs.org/bindings
68 verbose request uri https://registry.npmjs.org/nan
69 verbose request no auth needed
70 info attempt registry request try #1 at 13:21:45
71 verbose etag "56defdb1-18dfe"
72 verbose lastModified Tue, 08 Mar 2016 16:28:33 GMT
73 http request GET https://registry.npmjs.org/nan
74 verbose request uri https://registry.npmjs.org/bindings
75 verbose request no auth needed
76 info attempt registry request try #1 at 13:21:45
77 verbose etag "56d7a301-462b"
78 verbose lastModified Thu, 03 Mar 2016 02:35:45 GMT
79 http request GET https://registry.npmjs.org/bindings
80 http 304 https://registry.npmjs.org/nan
81 verbose headers { date: 'Wed, 09 Mar 2016 18:21:52 GMT',
81 verbose headers   via: '1.1 varnish',
81 verbose headers   'cache-control': 'max-age=300',
81 verbose headers   etag: '"56defdb1-18dfe"',
81 verbose headers   expires: 'Thu, 10 Mar 2016 00:15:37 GMT',
81 verbose headers   age: '70',
81 verbose headers   connection: 'keep-alive',
81 verbose headers   'x-served-by': 'cache-jfk1030-JFK',
81 verbose headers   'x-cache': 'HIT',
81 verbose headers   'x-cache-hits': '3',
81 verbose headers   'x-timer': 'S1457547712.464641,VS0,VE0' }
82 silly get cb [ 304,
82 silly get   { date: 'Wed, 09 Mar 2016 18:21:52 GMT',
82 silly get     via: '1.1 varnish',
82 silly get     'cache-control': 'max-age=300',
82 silly get     etag: '"56defdb1-18dfe"',
82 silly get     expires: 'Thu, 10 Mar 2016 00:15:37 GMT',
82 silly get     age: '70',
82 silly get     connection: 'keep-alive',
82 silly get     'x-served-by': 'cache-jfk1030-JFK',
82 silly get     'x-cache': 'HIT',
82 silly get     'x-cache-hits': '3',
82 silly get     'x-timer': 'S1457547712.464641,VS0,VE0' } ]
83 verbose etag https://registry.npmjs.org/nan from cache
84 verbose get saving nan to /Users/remiguillaume/.npm/registry.npmjs.org/nan/.cache.json
85 verbose correctMkdir /Users/remiguillaume/.npm correctMkdir not in flight; initializing
86 http 304 https://registry.npmjs.org/bindings
87 verbose headers { date: 'Wed, 09 Mar 2016 18:21:52 GMT',
87 verbose headers   via: '1.1 varnish',
87 verbose headers   'cache-control': 'max-age=300',
87 verbose headers   etag: '"56d7a301-462b"',
87 verbose headers   expires: 'Thu, 10 Mar 2016 00:15:42 GMT',
87 verbose headers   age: '68',
87 verbose headers   connection: 'keep-alive',
87 verbose headers   'x-served-by': 'cache-jfk1035-JFK',
87 verbose headers   'x-cache': 'HIT',
87 verbose headers   'x-cache-hits': '3',
87 verbose headers   'x-timer': 'S1457547712.468181,VS0,VE0' }
88 silly get cb [ 304,
88 silly get   { date: 'Wed, 09 Mar 2016 18:21:52 GMT',
88 silly get     via: '1.1 varnish',
88 silly get     'cache-control': 'max-age=300',
88 silly get     etag: '"56d7a301-462b"',
88 silly get     expires: 'Thu, 10 Mar 2016 00:15:42 GMT',
88 silly get     age: '68',
88 silly get     connection: 'keep-alive',
88 silly get     'x-served-by': 'cache-jfk1035-JFK',
88 silly get     'x-cache': 'HIT',
88 silly get     'x-cache-hits': '3',
88 silly get     'x-timer': 'S1457547712.468181,VS0,VE0' } ]
89 verbose etag https://registry.npmjs.org/bindings from cache
90 verbose get saving bindings to /Users/remiguillaume/.npm/registry.npmjs.org/bindings/.cache.json
91 verbose correctMkdir /Users/remiguillaume/.npm correctMkdir not in flight; initializing
92 silly resolveWithNewModule nan@2.2.0 checking installable status
93 silly cache add args [ 'nan@^2.0.4', null ]
94 verbose cache add spec nan@^2.0.4
95 silly cache add parsed spec Result {
95 silly cache add   raw: 'nan@^2.0.4',
95 silly cache add   scope: null,
95 silly cache add   name: 'nan',
95 silly cache add   rawSpec: '^2.0.4',
95 silly cache add   spec: '>=2.0.4 <3.0.0',
95 silly cache add   type: 'range' }
96 silly addNamed nan@>=2.0.4 <3.0.0
97 verbose addNamed ">=2.0.4 <3.0.0" is a valid semver range for nan
98 silly addNameRange { name: 'nan', range: '>=2.0.4 <3.0.0', hasData: false }
99 silly mapToRegistry name nan
100 silly mapToRegistry using default registry
101 silly mapToRegistry registry https://registry.npmjs.org/
102 silly mapToRegistry uri https://registry.npmjs.org/nan
103 verbose addNameRange registry:https://registry.npmjs.org/nan not in flight; fetching
104 silly resolveWithNewModule bindings@1.2.1 checking installable status
105 silly cache add args [ 'bindings@1.2.1', null ]
106 verbose cache add spec bindings@1.2.1
107 silly cache add parsed spec Result {
107 silly cache add   raw: 'bindings@1.2.1',
107 silly cache add   scope: null,
107 silly cache add   name: 'bindings',
107 silly cache add   rawSpec: '1.2.1',
107 silly cache add   spec: '1.2.1',
107 silly cache add   type: 'version' }
108 silly addNamed bindings@1.2.1
109 verbose addNamed "1.2.1" is a plain semver version for bindings
110 silly mapToRegistry name bindings
111 silly mapToRegistry using default registry
112 silly mapToRegistry registry https://registry.npmjs.org/
113 silly mapToRegistry uri https://registry.npmjs.org/bindings
114 verbose addNameVersion registry:https://registry.npmjs.org/bindings not in flight; fetching
115 verbose get https://registry.npmjs.org/nan not expired, no request
116 silly addNameRange number 2 { name: 'nan', range: '>=2.0.4 <3.0.0', hasData: true }
117 silly addNameRange versions [ 'nan',
117 silly addNameRange   [ '0.3.0-wip',
117 silly addNameRange     '0.3.0-wip2',
117 silly addNameRange     '0.3.0',
117 silly addNameRange     '0.3.1',
117 silly addNameRange     '0.3.2',
117 silly addNameRange     '0.4.0',
117 silly addNameRange     '0.4.1',
117 silly addNameRange     '0.4.2',
117 silly addNameRange     '0.4.3',
117 silly addNameRange     '0.4.4',
117 silly addNameRange     '0.5.0',
117 silly addNameRange     '0.5.1',
117 silly addNameRange     '0.5.2',
117 silly addNameRange     '0.6.0',
117 silly addNameRange     '0.7.0',
117 silly addNameRange     '0.7.1',
117 silly addNameRange     '0.8.0',
117 silly addNameRange     '1.0.0',
117 silly addNameRange     '1.1.0',
117 silly addNameRange     '1.1.1',
117 silly addNameRange     '1.1.2',
117 silly addNameRange     '1.2.0',
117 silly addNameRange     '1.3.0',
117 silly addNameRange     '1.4.0',
117 silly addNameRange     '1.4.1',
117 silly addNameRange     '1.5.0',
117 silly addNameRange     '1.4.2',
117 silly addNameRange     '1.4.3',
117 silly addNameRange     '1.5.1',
117 silly addNameRange     '1.5.2',
117 silly addNameRange     '1.6.0',
117 silly addNameRange     '1.5.3',
117 silly addNameRange     '1.6.1',
117 silly addNameRange     '1.6.2',
117 silly addNameRange     '1.7.0',
117 silly addNameRange     '1.8.0',
117 silly addNameRange     '1.8.1',
117 silly addNameRange     '1.8.2',
117 silly addNameRange     '1.8.3',
117 silly addNameRange     '1.8.4',
117 silly addNameRange     '1.9.0',
117 silly addNameRange     '2.0.0',
117 silly addNameRange     '2.0.1',
117 silly addNameRange     '2.0.2',
117 silly addNameRange     '2.0.3',
117 silly addNameRange     '2.0.4',
117 silly addNameRange     '2.0.5',
117 silly addNameRange     '2.0.6',
117 silly addNameRange     '2.0.7',
117 silly addNameRange     '2.0.8',
117 silly addNameRange     '2.0.9',
117 silly addNameRange     '2.1.0',
117 silly addNameRange     '2.2.0' ] ]
118 silly addNamed nan@2.2.0
119 verbose addNamed "2.2.0" is a plain semver version for nan
120 verbose get https://registry.npmjs.org/bindings not expired, no request
121 silly cache afterAdd nan@2.2.0
122 verbose afterAdd /Users/remiguillaume/.npm/nan/2.2.0/package/package.json not in flight; writing
123 verbose correctMkdir /Users/remiguillaume/.npm correctMkdir not in flight; initializing
124 silly cache afterAdd bindings@1.2.1
125 verbose afterAdd /Users/remiguillaume/.npm/bindings/1.2.1/package/package.json not in flight; writing
126 verbose correctMkdir /Users/remiguillaume/.npm correctMkdir not in flight; initializing
127 verbose afterAdd /Users/remiguillaume/.npm/nan/2.2.0/package/package.json written
128 verbose afterAdd /Users/remiguillaume/.npm/bindings/1.2.1/package/package.json written
129 silly loadAllDepsIntoIdealTree Finishing
130 silly idealTree:prePrune RoadQuest
130 silly idealTree:prePrune ├── bindings@1.2.1
130 silly idealTree:prePrune ├── libpq@1.8.1
130 silly idealTree:prePrune └── nan@2.2.0
131 silly loadIdealTree Finishing
132 silly currentTree RoadQuest
133 silly idealTree RoadQuest
133 silly idealTree ├── bindings@1.2.1
133 silly idealTree ├── libpq@1.8.1
133 silly idealTree └── nan@2.2.0
134 silly generateActionsToTake Starting
135 silly install generateActionsToTake
136 silly generateActionsToTake Finishing
137 silly diffTrees action count 3
138 silly diffTrees add bindings@1.2.1
139 silly diffTrees add nan@2.2.0
140 silly diffTrees add libpq@1.8.1
141 silly decomposeActions action count 24
142 silly decomposeActions fetch bindings@1.2.1
143 silly decomposeActions extract bindings@1.2.1
144 silly decomposeActions test bindings@1.2.1
145 silly decomposeActions preinstall bindings@1.2.1
146 silly decomposeActions build bindings@1.2.1
147 silly decomposeActions install bindings@1.2.1
148 silly decomposeActions postinstall bindings@1.2.1
149 silly decomposeActions finalize bindings@1.2.1
150 silly decomposeActions fetch nan@2.2.0
151 silly decomposeActions extract nan@2.2.0
152 silly decomposeActions test nan@2.2.0
153 silly decomposeActions preinstall nan@2.2.0
154 silly decomposeActions build nan@2.2.0
155 silly decomposeActions install nan@2.2.0
156 silly decomposeActions postinstall nan@2.2.0
157 silly decomposeActions finalize nan@2.2.0
158 silly decomposeActions fetch libpq@1.8.1
159 silly decomposeActions extract libpq@1.8.1
160 silly decomposeActions test libpq@1.8.1
161 silly decomposeActions preinstall libpq@1.8.1
162 silly decomposeActions build libpq@1.8.1
163 silly decomposeActions install libpq@1.8.1
164 silly decomposeActions postinstall libpq@1.8.1
165 silly decomposeActions finalize libpq@1.8.1
166 silly executeActions Starting
167 silly install executeActions
168 silly doSerial global-install 0
169 silly doParallel fetch 3
170 verbose correctMkdir /Users/remiguillaume/.npm/_locks correctMkdir not in flight; initializing
171 verbose lock using /Users/remiguillaume/.npm/_locks/staging-6760444a8e8b9501.lock for /Users/remiguillaume/Google Drive/Projets/ProgWeb/Rails/RoadQuest/node_modules/.staging
172 silly doParallel extract 3
173 silly extract bindings@1.2.1
174 silly extract nan@2.2.0
175 silly extract libpq@1.8.1
176 verbose unbuild node_modules/.staging/bindings-7293b27c
177 verbose unbuild node_modules/.staging/nan-ab4e9ab2
178 verbose unbuild node_modules/.staging/libpq-e8955ea6
179 silly gentlyRm /Users/remiguillaume/Google Drive/Projets/ProgWeb/Rails/RoadQuest/node_modules/.staging/bindings-7293b27c is being purged from base /Users/remiguillaume/Google Drive/Projets/ProgWeb/Rails/RoadQuest
180 verbose gentlyRm don't care about contents; nuking /Users/remiguillaume/Google Drive/Projets/ProgWeb/Rails/RoadQuest/node_modules/.staging/bindings-7293b27c
181 silly gentlyRm /Users/remiguillaume/Google Drive/Projets/ProgWeb/Rails/RoadQuest/node_modules/.staging/nan-ab4e9ab2 is being purged from base /Users/remiguillaume/Google Drive/Projets/ProgWeb/Rails/RoadQuest
182 verbose gentlyRm don't care about contents; nuking /Users/remiguillaume/Google Drive/Projets/ProgWeb/Rails/RoadQuest/node_modules/.staging/nan-ab4e9ab2
183 verbose tar unpack /Users/remiguillaume/.npm/bindings/1.2.1/package.tgz
184 verbose tar unpacking to /Users/remiguillaume/Google Drive/Projets/ProgWeb/Rails/RoadQuest/node_modules/.staging/bindings-7293b27c
185 silly gentlyRm /Users/remiguillaume/Google Drive/Projets/ProgWeb/Rails/RoadQuest/node_modules/.staging/bindings-7293b27c is being purged
186 verbose gentlyRm don't care about contents; nuking /Users/remiguillaume/Google Drive/Projets/ProgWeb/Rails/RoadQuest/node_modules/.staging/bindings-7293b27c
187 silly gentlyRm /Users/remiguillaume/Google Drive/Projets/ProgWeb/Rails/RoadQuest/node_modules/.staging/libpq-e8955ea6 is being purged from base /Users/remiguillaume/Google Drive/Projets/ProgWeb/Rails/RoadQuest
188 verbose gentlyRm don't care about contents; nuking /Users/remiguillaume/Google Drive/Projets/ProgWeb/Rails/RoadQuest/node_modules/.staging/libpq-e8955ea6
189 verbose tar unpack /Users/remiguillaume/.npm/nan/2.2.0/package.tgz
190 verbose tar unpacking to /Users/remiguillaume/Google Drive/Projets/ProgWeb/Rails/RoadQuest/node_modules/.staging/nan-ab4e9ab2
191 silly gentlyRm /Users/remiguillaume/Google Drive/Projets/ProgWeb/Rails/RoadQuest/node_modules/.staging/nan-ab4e9ab2 is being purged
192 verbose gentlyRm don't care about contents; nuking /Users/remiguillaume/Google Drive/Projets/ProgWeb/Rails/RoadQuest/node_modules/.staging/nan-ab4e9ab2
193 silly gunzTarPerm modes [ '755', '644' ]
194 verbose tar unpack /Users/remiguillaume/.npm/libpq/1.8.1/package.tgz
195 verbose tar unpacking to /Users/remiguillaume/Google Drive/Projets/ProgWeb/Rails/RoadQuest/node_modules/.staging/libpq-e8955ea6
196 silly gentlyRm /Users/remiguillaume/Google Drive/Projets/ProgWeb/Rails/RoadQuest/node_modules/.staging/libpq-e8955ea6 is being purged
197 verbose gentlyRm don't care about contents; nuking /Users/remiguillaume/Google Drive/Projets/ProgWeb/Rails/RoadQuest/node_modules/.staging/libpq-e8955ea6
198 silly gunzTarPerm modes [ '755', '644' ]
199 silly gunzTarPerm modes [ '755', '644' ]
200 silly gunzTarPerm extractEntry package.json
201 silly gunzTarPerm extractEntry package.json
202 silly gunzTarPerm modified mode [ 'package.json', 436, 420 ]
203 silly gunzTarPerm extractEntry package.json
204 silly gunzTarPerm extractEntry README.md
205 silly gunzTarPerm extractEntry bindings.js
206 silly gunzTarPerm extractEntry README.md
207 silly gunzTarPerm modified mode [ 'README.md', 436, 420 ]
208 silly gunzTarPerm extractEntry .npmignore
209 silly gunzTarPerm extractEntry README.md
210 silly gunzTarPerm extractEntry include_dirs.js
211 silly gunzTarPerm modified mode [ 'include_dirs.js', 436, 420 ]
212 silly gunzTarPerm extractEntry nan_converters.h
213 silly gunzTarPerm modified mode [ 'nan_converters.h', 436, 420 ]
214 silly gunzTarPerm extractEntry LICENSE.md
215 silly gunzTarPerm modified mode [ 'LICENSE.md', 436, 420 ]
216 silly gunzTarPerm extractEntry .dntrc
217 silly gunzTarPerm modified mode [ '.dntrc', 436, 420 ]
218 silly gunzTarPerm extractEntry index.js
219 silly gunzTarPerm extractEntry appveyor.yml
220 silly gunzTarPerm modified mode [ 'appveyor.yml', 436, 420 ]
221 silly gunzTarPerm extractEntry binding.gyp
222 silly gunzTarPerm extractEntry .travis.yml
223 silly gunzTarPerm extractEntry Makefile
224 silly gunzTarPerm extractEntry src/addon.cc
225 silly gunzTarPerm extractEntry doc/new.md
226 silly gunzTarPerm modified mode [ 'doc/new.md', 436, 420 ]
227 silly gunzTarPerm extractEntry doc/.build.sh
228 silly gunzTarPerm modified mode [ 'doc/.build.sh', 509, 493 ]
229 silly gunzTarPerm extractEntry doc/buffers.md
230 silly gunzTarPerm modified mode [ 'doc/buffers.md', 436, 420 ]
231 silly gunzTarPerm extractEntry doc/callback.md
232 silly gunzTarPerm modified mode [ 'doc/callback.md', 436, 420 ]
233 silly gunzTarPerm extractEntry src/addon.h
234 silly gunzTarPerm extractEntry src/connect-async-worker.cc
235 silly gunzTarPerm extractEntry doc/converters.md
236 silly gunzTarPerm modified mode [ 'doc/converters.md', 436, 420 ]
237 silly gunzTarPerm extractEntry doc/errors.md
238 silly gunzTarPerm modified mode [ 'doc/errors.md', 436, 420 ]
239 silly gunzTarPerm extractEntry src/connect-async-worker.h
240 silly gunzTarPerm extractEntry src/connection.cc
241 silly gentlyRm /Users/remiguillaume/Google Drive/Projets/ProgWeb/Rails/RoadQuest/node_modules/.staging/bindings-7293b27c/node_modules is being purged
242 verbose gentlyRm don't care about contents; nuking /Users/remiguillaume/Google Drive/Projets/ProgWeb/Rails/RoadQuest/node_modules/.staging/bindings-7293b27c/node_modules
243 silly gunzTarPerm extractEntry doc/maybe_types.md
244 silly gunzTarPerm modified mode [ 'doc/maybe_types.md', 436, 420 ]
245 silly gunzTarPerm extractEntry doc/methods.md
246 silly gunzTarPerm modified mode [ 'doc/methods.md', 436, 420 ]
247 silly gunzTarPerm extractEntry src/connection.h
248 silly gunzTarPerm extractEntry test/async-connection.js
249 silly gunzTarPerm extractEntry doc/asyncworker.md
250 silly gunzTarPerm modified mode [ 'doc/asyncworker.md', 436, 420 ]
251 silly gunzTarPerm extractEntry doc/node_misc.md
252 silly gunzTarPerm modified mode [ 'doc/node_misc.md', 436, 420 ]
253 silly gunzTarPerm extractEntry test/escaping.js
254 silly gunzTarPerm extractEntry test/helper.js
255 silly gunzTarPerm extractEntry doc/object_wrappers.md
256 silly gunzTarPerm modified mode [ 'doc/object_wrappers.md', 436, 420 ]
257 silly gunzTarPerm extractEntry doc/persistent.md
258 silly gunzTarPerm modified mode [ 'doc/persistent.md', 436, 420 ]
259 silly gunzTarPerm extractEntry test/index.js
260 silly gunzTarPerm extractEntry test/error-info.js
261 silly gunzTarPerm extractEntry doc/scopes.md
262 silly gunzTarPerm modified mode [ 'doc/scopes.md', 436, 420 ]
263 silly gunzTarPerm extractEntry doc/script.md
264 silly gunzTarPerm modified mode [ 'doc/script.md', 436, 420 ]
265 silly gunzTarPerm extractEntry test/async-socket.js
266 silly gunzTarPerm extractEntry test/sync-prepare.js
267 silly gunzTarPerm extractEntry doc/string_bytes.md
268 silly gunzTarPerm modified mode [ 'doc/string_bytes.md', 436, 420 ]
269 silly gunzTarPerm extractEntry doc/v8_internals.md
270 silly gunzTarPerm modified mode [ 'doc/v8_internals.md', 436, 420 ]
271 silly gunzTarPerm extractEntry test/multiple-queries.js
272 silly gunzTarPerm extractEntry test/non-blocking-controls.js
273 silly gunzTarPerm extractEntry doc/v8_misc.md
274 silly gunzTarPerm modified mode [ 'doc/v8_misc.md', 436, 420 ]
275 silly gunzTarPerm extractEntry test/notification.js
276 silly gunzTarPerm extractEntry test/error-conditions.js
277 silly gunzTarPerm extractEntry nan.h
278 silly gunzTarPerm modified mode [ 'nan.h', 436, 420 ]
279 silly gunzTarPerm extractEntry nan_callbacks.h
280 silly gunzTarPerm modified mode [ 'nan_callbacks.h', 436, 420 ]
281 silly gunzTarPerm extractEntry test/result-accessors.js
282 silly gunzTarPerm extractEntry test/copy-out.js
283 silly gunzTarPerm extractEntry test/server-version.js
284 silly gunzTarPerm extractEntry test/copy-in.js
285 silly gunzTarPerm extractEntry nan_callbacks_12_inl.h
286 silly gunzTarPerm modified mode [ 'nan_callbacks_12_inl.h', 436, 420 ]
287 silly gunzTarPerm extractEntry nan_callbacks_pre_12_inl.h
288 silly gunzTarPerm modified mode [ 'nan_callbacks_pre_12_inl.h', 436, 420 ]
289 silly gunzTarPerm extractEntry test/socket.js
290 silly gunzTarPerm extractEntry test/construction.js
291 silly gunzTarPerm extractEntry nan_converters_43_inl.h
292 silly gunzTarPerm modified mode [ 'nan_converters_43_inl.h', 436, 420 ]
293 silly gunzTarPerm extractEntry nan_converters_pre_43_inl.h
294 silly gunzTarPerm modified mode [ 'nan_converters_pre_43_inl.h', 436, 420 ]
295 silly gunzTarPerm extractEntry nan_implementation_12_inl.h
296 silly gunzTarPerm modified mode [ 'nan_implementation_12_inl.h', 436, 420 ]
297 silly gunzTarPerm extractEntry test/sync-integration.js
298 silly gunzTarPerm extractEntry test/cancel.js
299 silly gunzTarPerm extractEntry nan_implementation_pre_12_inl.h
300 silly gunzTarPerm modified mode [ 'nan_implementation_pre_12_inl.h', 436, 420 ]
301 silly gunzTarPerm extractEntry nan_maybe_43_inl.h
302 silly gunzTarPerm modified mode [ 'nan_maybe_43_inl.h', 436, 420 ]
303 silly gunzTarPerm extractEntry nan_maybe_pre_43_inl.h
304 silly gunzTarPerm modified mode [ 'nan_maybe_pre_43_inl.h', 436, 420 ]
305 silly gunzTarPerm extractEntry nan_new.h
306 silly gunzTarPerm modified mode [ 'nan_new.h', 436, 420 ]
307 silly gunzTarPerm extractEntry test/sync-parameters.js
308 silly gunzTarPerm extractEntry test/load.js
309 silly gunzTarPerm extractEntry nan_object_wrap.h
310 silly gunzTarPerm modified mode [ 'nan_object_wrap.h', 436, 420 ]
311 silly gunzTarPerm extractEntry test/sync.js
312 silly gunzTarPerm extractEntry test/many-connections.js
313 silly gunzTarPerm extractEntry nan_persistent_12_inl.h
314 silly gunzTarPerm modified mode [ 'nan_persistent_12_inl.h', 436, 420 ]
315 silly gunzTarPerm extractEntry nan_persistent_pre_12_inl.h
316 silly gunzTarPerm modified mode [ 'nan_persistent_pre_12_inl.h', 436, 420 ]
317 silly gunzTarPerm extractEntry test/mocha.opts
318 silly gunzTarPerm extractEntry nan_string_bytes.h
319 silly gunzTarPerm modified mode [ 'nan_string_bytes.h', 436, 420 ]
320 silly gunzTarPerm extractEntry nan_typedarray_contents.h
321 silly gunzTarPerm modified mode [ 'nan_typedarray_contents.h', 436, 420 ]
322 silly gunzTarPerm extractEntry nan_weak.h
323 silly gunzTarPerm modified mode [ 'nan_weak.h', 436, 420 ]
324 silly gunzTarPerm extractEntry CHANGELOG.md
325 silly gunzTarPerm modified mode [ 'CHANGELOG.md', 436, 420 ]
326 silly gunzTarPerm extractEntry tools/package.json
327 silly gunzTarPerm modified mode [ 'tools/package.json', 436, 420 ]
328 silly gunzTarPerm extractEntry tools/README.md
329 silly gunzTarPerm modified mode [ 'tools/README.md', 436, 420 ]
330 silly gunzTarPerm extractEntry tools/1to2.js
331 silly gunzTarPerm modified mode [ 'tools/1to2.js', 509, 493 ]
332 silly gentlyRm /Users/remiguillaume/Google Drive/Projets/ProgWeb/Rails/RoadQuest/node_modules/.staging/libpq-e8955ea6/node_modules is being purged
333 verbose gentlyRm don't care about contents; nuking /Users/remiguillaume/Google Drive/Projets/ProgWeb/Rails/RoadQuest/node_modules/.staging/libpq-e8955ea6/node_modules
334 silly gentlyRm /Users/remiguillaume/Google Drive/Projets/ProgWeb/Rails/RoadQuest/node_modules/.staging/nan-ab4e9ab2/node_modules is being purged
335 verbose gentlyRm don't care about contents; nuking /Users/remiguillaume/Google Drive/Projets/ProgWeb/Rails/RoadQuest/node_modules/.staging/nan-ab4e9ab2/node_modules
336 silly doParallel preinstall 3
337 silly preinstall bindings@1.2.1 /Users/remiguillaume/Google Drive/Projets/ProgWeb/Rails/RoadQuest/node_modules/.staging/bindings-7293b27c
338 info lifecycle bindings@1.2.1~preinstall: bindings@1.2.1
339 silly preinstall nan@2.2.0 /Users/remiguillaume/Google Drive/Projets/ProgWeb/Rails/RoadQuest/node_modules/.staging/nan-ab4e9ab2
340 info lifecycle nan@2.2.0~preinstall: nan@2.2.0
341 silly preinstall libpq@1.8.1 /Users/remiguillaume/Google Drive/Projets/ProgWeb/Rails/RoadQuest/node_modules/.staging/libpq-e8955ea6
342 info lifecycle libpq@1.8.1~preinstall: libpq@1.8.1
343 silly lifecycle bindings@1.2.1~preinstall: no script for preinstall, continuing
344 silly lifecycle nan@2.2.0~preinstall: no script for preinstall, continuing
345 silly lifecycle libpq@1.8.1~preinstall: no script for preinstall, continuing
346 silly doReverseSerial remove 0
347 silly doSerial move 0
348 silly doSerial finalize 3
349 silly finalize /Users/remiguillaume/Google Drive/Projets/ProgWeb/Rails/RoadQuest/node_modules/bindings
350 silly finalize /Users/remiguillaume/Google Drive/Projets/ProgWeb/Rails/RoadQuest/node_modules/nan
351 silly finalize /Users/remiguillaume/Google Drive/Projets/ProgWeb/Rails/RoadQuest/node_modules/libpq
352 silly doSerial build 3
353 silly build bindings@1.2.1
354 info linkStuff bindings@1.2.1
355 silly linkStuff bindings@1.2.1 has /Users/remiguillaume/Google Drive/Projets/ProgWeb/Rails/RoadQuest/node_modules as its parent node_modules
356 verbose linkBins bindings@1.2.1
357 verbose linkMans bindings@1.2.1
358 silly build nan@2.2.0
359 info linkStuff nan@2.2.0
360 silly linkStuff nan@2.2.0 has /Users/remiguillaume/Google Drive/Projets/ProgWeb/Rails/RoadQuest/node_modules as its parent node_modules
361 verbose linkBins nan@2.2.0
362 verbose linkMans nan@2.2.0
363 silly build libpq@1.8.1
364 info linkStuff libpq@1.8.1
365 silly linkStuff libpq@1.8.1 has /Users/remiguillaume/Google Drive/Projets/ProgWeb/Rails/RoadQuest/node_modules as its parent node_modules
366 verbose linkBins libpq@1.8.1
367 verbose linkMans libpq@1.8.1
368 silly doSerial global-link 0
369 silly doParallel update-linked 0
370 silly doSerial install 3
371 silly install bindings@1.2.1 /Users/remiguillaume/Google Drive/Projets/ProgWeb/Rails/RoadQuest/node_modules/.staging/bindings-7293b27c
372 info lifecycle bindings@1.2.1~install: bindings@1.2.1
373 silly lifecycle bindings@1.2.1~install: no script for install, continuing
374 silly install nan@2.2.0 /Users/remiguillaume/Google Drive/Projets/ProgWeb/Rails/RoadQuest/node_modules/.staging/nan-ab4e9ab2
375 info lifecycle nan@2.2.0~install: nan@2.2.0
376 silly lifecycle nan@2.2.0~install: no script for install, continuing
377 silly install libpq@1.8.1 /Users/remiguillaume/Google Drive/Projets/ProgWeb/Rails/RoadQuest/node_modules/.staging/libpq-e8955ea6
378 info lifecycle libpq@1.8.1~install: libpq@1.8.1
379 verbose lifecycle libpq@1.8.1~install: unsafe-perm in lifecycle false
380 verbose lifecycle libpq@1.8.1~install: PATH: /usr/local/lib/node_modules/npm/bin/node-gyp-bin:/Users/remiguillaume/Google Drive/Projets/ProgWeb/Rails/RoadQuest/node_modules/libpq/node_modules/.bin:/Users/remiguillaume/Google Drive/Projets/ProgWeb/Rails/RoadQuest/node_modules/.bin:/Users/remiguillaume/.rvm/gems/ruby-2.2.3/bin:/Users/remiguillaume/.rvm/gems/ruby-2.2.3@global/bin:/Users/remiguillaume/.rvm/rubies/ruby-2.2.3/bin:/Users/remiguillaume/.rvm/bin:/Users/remiguillaume/.dnx/runtimes/dnx-coreclr-darwin-x64.1.0.0-rc1-update1/bin:/Users/remiguillaume/.dnx/bin:/opt/apache-maven-3.3.3/bin:/Library/Frameworks/Python.framework/Versions/3.4/bin:/Users/remiguillaume/.rbenv/bin:/usr/local/bin:/usr/local/bin:/usr/bin:/bin:/usr/sbin:/sbin:/opt/X11/bin:/usr/local/git/bin:/usr/local/MacGPG2/bin:/usr/texbin
381 verbose lifecycle libpq@1.8.1~install: CWD: /Users/remiguillaume/Google Drive/Projets/ProgWeb/Rails/RoadQuest/node_modules/libpq
382 silly lifecycle libpq@1.8.1~install: Args: [ '-c', 'node-gyp rebuild' ]
383 silly lifecycle libpq@1.8.1~install: Returned: code: 1  signal: null
384 info lifecycle libpq@1.8.1~install: Failed to exec install script
385 verbose unlock done using /Users/remiguillaume/.npm/_locks/staging-6760444a8e8b9501.lock for /Users/remiguillaume/Google Drive/Projets/ProgWeb/Rails/RoadQuest/node_modules/.staging
386 silly rollbackFailedOptional Starting
387 silly rollbackFailedOptional Finishing
388 silly runTopLevelLifecycles Starting
389 silly runTopLevelLifecycles Finishing
390 silly install printInstalled
391 warn enoent ENOENT: no such file or directory, open '/Users/remiguillaume/Google Drive/Projets/ProgWeb/Rails/RoadQuest/package.json'
392 warn RoadQuest No description
393 warn RoadQuest No repository field.
394 warn RoadQuest No README data
395 warn RoadQuest No license field.
396 verbose stack Error: libpq@1.8.1 install: `node-gyp rebuild`
396 verbose stack Exit status 1
396 verbose stack     at EventEmitter.<anonymous> (/usr/local/lib/node_modules/npm/lib/utils/lifecycle.js:232:16)
396 verbose stack     at emitTwo (events.js:100:13)
396 verbose stack     at EventEmitter.emit (events.js:185:7)
396 verbose stack     at ChildProcess.<anonymous> (/usr/local/lib/node_modules/npm/lib/utils/spawn.js:24:14)
396 verbose stack     at emitTwo (events.js:100:13)
396 verbose stack     at ChildProcess.emit (events.js:185:7)
396 verbose stack     at maybeClose (internal/child_process.js:827:16)
396 verbose stack     at Process.ChildProcess._handle.onexit (internal/child_process.js:211:5)
397 verbose pkgid libpq@1.8.1
398 verbose cwd /Users/remiguillaume/Google Drive/Projets/ProgWeb/Rails/RoadQuest
399 error Darwin 15.3.0
400 error argv "/usr/local/Cellar/node/5.6.0/bin/node" "/usr/local/bin/npm" "install" "libpq"
401 error node v5.6.0
402 error npm  v3.6.0
403 error code ELIFECYCLE
404 error libpq@1.8.1 install: `node-gyp rebuild`
404 error Exit status 1
405 error Failed at the libpq@1.8.1 install script 'node-gyp rebuild'.
405 error Make sure you have the latest version of node.js and npm installed.
405 error If you do, this is most likely a problem with the libpq package,
405 error not with npm itself.
405 error Tell the author that this fails on your system:
405 error     node-gyp rebuild
405 error You can get information on how to open an issue for this project with:
405 error     npm bugs libpq
405 error Or if that isn't available, you can get their info via:
405 error     npm owner ls libpq
405 error There is likely additional logging output above.
406 verbose exit [ 1, true ]
